[19Jul2025 00:01:15.611] [Server thread/INFO] [net.minecraft.server.players.PlayerList/]: Wacht_Of_Doom[/127.177.169.2:33399] logged in with entity id 69146 at (-317.1523964628026, 88.11461639404297, -156.90614556192622)
[19Jul2025 00:01:15.618] [Server thread/INFO] [net.minecraft.server.MinecraftServer/]: Wacht_Of_Doom joined the game
[19Jul2025 00:01:18.013] [Server thread/INFO] [net.minecraft.server.network.ServerGamePacketListenerImpl/]: Wacht_Of_Doom lost connection: Disconnected
[19Jul2025 00:01:18.013] [Server thread/INFO] [net.minecraft.server.MinecraftServer/]: Wacht_Of_Doom left the game
[19Jul2025 00:04:05.555] [Server thread/INFO] [net.minecraft.server.network.ServerGamePacketListenerImpl/]: xUNIx10 lost connection: Disconnected
[19Jul2025 00:04:05.555] [Server thread/INFO] [net.minecraft.server.MinecraftServer/]: xUNIx10 left the game
[19Jul2025 00:05:22.157] [Server thread/WARN] [net.minecraft.server.network.ServerGamePacketListenerImpl/]: zilasaur moved wrongly!
[19Jul2025 00:06:36.456] [Server thread/INFO] [net.minecraft.server.players.PlayerList/]: Wacht_Of_Doom[/127.177.169.2:48781] logged in with entity id 73905 at (-317.1523964628026, 88.11461639404297, -156.90614556192622)
[19Jul2025 00:06:36.461] [Server thread/INFO] [net.minecraft.server.MinecraftServer/]: Wacht_Of_Doom joined the game
[19Jul2025 00:06:38.757] [Server thread/INFO] [net.minecraft.server.network.ServerGamePacketListenerImpl/]: Wacht_Of_Doom lost connection: Disconnected
[19Jul2025 00:06:38.757] [Server thread/INFO] [net.minecraft.server.MinecraftServer/]: Wacht_Of_Doom left the game
[19Jul2025 00:06:41.659] [Server thread/INFO] [net.minecraft.server.players.PlayerList/]: xUNIx10[/127.211.36.91:55267] logged in with entity id 74142 at (850.2746332054105, 72.0, 1221.171754023253)
[19Jul2025 00:06:41.664] [Server thread/INFO] [net.minecraft.server.MinecraftServer/]: xUNIx10 joined the game
[19Jul2025 00:07:57.957] [Server thread/INFO] [net.minecraft.server.players.PlayerList/]: Wacht_Of_Doom[/127.177.169.2:56335] logged in with entity id 75112 at (-317.1523964628026, 88.11461639404297, -156.90614556192622)
[19Jul2025 00:07:57.962] [Server thread/INFO] [net.minecraft.server.MinecraftServer/]: Wacht_Of_Doom joined the game
[19Jul2025 00:08:00.310] [Server thread/INFO] [net.minecraft.server.network.ServerGamePacketListenerImpl/]: Wacht_Of_Doom lost connection: Disconnected
[19Jul2025 00:08:00.311] [Server thread/INFO] [net.minecraft.server.MinecraftServer/]: Wacht_Of_Doom left the game
[19Jul2025 00:09:08.747] [Server thread/WARN] [net.minecraft.server.network.ServerGamePacketListenerImpl/]: Gyrodyne (vehicle of zilasaur) moved wrongly! 0.26903372842048157
[19Jul2025 00:09:08.798] [Server thread/WARN] [net.minecraft.server.network.ServerGamePacketListenerImpl/]: Gyrodyne (vehicle of zilasaur) moved wrongly! 0.2903721250054332
[19Jul2025 00:09:08.847] [Server thread/WARN] [net.minecraft.server.network.ServerGamePacketListenerImpl/]: Gyrodyne (vehicle of zilasaur) moved wrongly! 0.3289638841810074
[19Jul2025 00:09:08.899] [Server thread/WARN] [net.minecraft.server.network.ServerGamePacketListenerImpl/]: Gyrodyne (vehicle of zilasaur) moved wrongly! 0.3816319655634288
[19Jul2025 00:09:08.948] [Server thread/WARN] [net.minecraft.server.network.ServerGamePacketListenerImpl/]: Gyrodyne (vehicle of zilasaur) moved wrongly! 0.44551312549890554
[19Jul2025 00:09:08.996] [Server thread/WARN] [net.minecraft.server.network.ServerGamePacketListenerImpl/]: Gyrodyne (vehicle of zilasaur) moved wrongly! 0.5184032998220118
[19Jul2025 00:09:16.250] [Server thread/WARN] [net.minecraft.server.network.ServerGamePacketListenerImpl/]: zilasaur moved wrongly!
[19Jul2025 00:11:02.803] [Server thread/INFO] [net.minecraft.server.players.PlayerList/]: Wacht_Of_Doom[/127.177.169.2:46967] logged in with entity id 76158 at (-317.1523964628026, 88.11461639404297, -156.90614556192622)
[19Jul2025 00:11:02.807] [Server thread/INFO] [net.minecraft.server.MinecraftServer/]: Wacht_Of_Doom joined the game
[19Jul2025 00:11:19.804] [Server thread/INFO] [net.minecraft.server.network.ServerGamePacketListenerImpl/]: Wacht_Of_Doom lost connection: Disconnected
[19Jul2025 00:11:19.805] [Server thread/INFO] [net.minecraft.server.MinecraftServer/]: Wacht_Of_Doom left the game
